#-----------------------------------------------------------
# Vivado v2019.2 (64-bit)
# SW Build 2708876 on Wed Nov  6 21:40:23 MST 2019
# IP Build 2700528 on Thu Nov  7 00:09:20 MST 2019
# Start of session at: Fri Jan  5 11:42:25 2024
# Process ID: 18528
# Current directory: D:/Vivado/Final_project/Final_Project
# Command line: vivado.exe -gui_launcher_event rodinguilauncherevent1756 D:\Vivado\Final_project\Final_Project\Final_Project.xpr
# Log file: D:/Vivado/Final_project/Final_Project/vivado.log
# Journal file: D:/Vivado/Final_project/Final_Project\vivado.jou
#-----------------------------------------------------------
start_gui
open_project D:/Vivado/Final_project/Final_Project/Final_Project.xpr
Scanning sources...
Finished scanning sources
INFO: [IP_Flow 19-234] Refreshing IP repositories
INFO: [IP_Flow 19-1700] Loaded user IP repository 'd:/Vivado/Lab7/lab7_template/ip'.
INFO: [IP_Flow 19-2313] Loaded Vivado IP repository 'D:/Xillinx/Vivado/2019.2/data/ip'.
open_project: Time (s): cpu = 00:00:17 ; elapsed = 00:00:08 . Memory (MB): peak = 685.723 ; gain = 91.258
update_compile_order -fileset sources_1
reset_run synth_1
launch_runs impl_1 -to_step write_bitstream -jobs 8
[Fri Jan  5 11:49:39 2024] Launched synth_1...
Run output will be captured here: D:/Vivado/Final_project/Final_Project/Final_Project.runs/synth_1/runme.log
[Fri Jan  5 11:49:39 2024] Launched impl_1...
Run output will be captured here: D:/Vivado/Final_project/Final_Project/Final_Project.runs/impl_1/runme.log
open_hw_manager
connect_hw_server -allow_non_jtag
INFO: [Labtools 27-2285] Connecting to hw_server url TCP:localhost:3121
INFO: [Labtools 27-2222] Launching hw_server...
INFO: [Labtools 27-2221] Launch Output:

****** Xilinx hw_server v2019.2
  **** Build date : Nov  6 2019 at 22:12:23
    ** Copyright 1986-2019 Xilinx, Inc. All Rights Reserved.


INFO: [Labtools 27-3415] Connecting to cs_server url TCP:localhost:3042
INFO: [Labtools 27-3417] Launching cs_server...
INFO: [Labtools 27-2221] Launch Output:


****** Xilinx cs_server v2019.2.0
  **** Build date : Nov 07 2019-13:28:22
    ** Copyright 2017-2019 Xilinx, Inc. All Rights Reserved.



connect_hw_server: Time (s): cpu = 00:00:01 ; elapsed = 00:00:13 . Memory (MB): peak = 726.418 ; gain = 0.000
open_hw_target
INFO: [Labtoolstcl 44-466] Opening hw_target localhost:3121/xilinx_tcf/Digilent/210183A6F886A
set_property PROGRAM.FILE {D:/Vivado/Final_project/Final_Project/Final_Project.runs/impl_1/Final.bit} [get_hw_devices xc7a35t_0]
current_hw_device [get_hw_devices xc7a35t_0]
refresh_hw_device -update_hw_probes false [lindex [get_hw_devices xc7a35t_0] 0]
INFO: [Labtools 27-1435] Device xc7a35t (JTAG device index = 0) is not programmed (DONE status = 0).
set_property PROBES.FILE {} [get_hw_devices xc7a35t_0]
set_property FULL_PROBES.FILE {} [get_hw_devices xc7a35t_0]
set_property PROGRAM.FILE {D:/Vivado/Final_project/Final_Project/Final_Project.runs/impl_1/Final.bit} [get_hw_devices xc7a35t_0]
program_hw_devices [get_hw_devices xc7a35t_0]
INFO: [Labtools 27-3164] End of startup status: HIGH
refresh_hw_device [lindex [get_hw_devices xc7a35t_0] 0]
INFO: [Labtools 27-1434] Device xc7a35t (JTAG device index = 0) is programmed with a design that has no supported debug core(s) in it.
reset_run synth_1
launch_runs impl_1 -to_step write_bitstream -jobs 8
[Fri Jan  5 12:31:42 2024] Launched synth_1...
Run output will be captured here: D:/Vivado/Final_project/Final_Project/Final_Project.runs/synth_1/runme.log
[Fri Jan  5 12:31:42 2024] Launched impl_1...
Run output will be captured here: D:/Vivado/Final_project/Final_Project/Final_Project.runs/impl_1/runme.log
ERROR: [Labtoolstcl 44-513] HW Target shutdown. Closing target: localhost:3121/xilinx_tcf/Digilent/210183A6F886A
INFO: [Labtoolstcl 44-466] Opening hw_target localhost:3121/xilinx_tcf/Digilent/210183A6F886A
INFO: [Labtools 27-1435] Device xc7a35t (JTAG device index = 0) is not programmed (DONE status = 0).
WARNING: [Labtoolstcl 44-129] No matching hw_ila_data was found.
set_property PROBES.FILE {} [get_hw_devices xc7a35t_0]
set_property FULL_PROBES.FILE {} [get_hw_devices xc7a35t_0]
set_property PROGRAM.FILE {D:/Vivado/Final_project/Final_Project/Final_Project.runs/impl_1/Final.bit} [get_hw_devices xc7a35t_0]
program_hw_devices [get_hw_devices xc7a35t_0]
INFO: [Labtools 27-3164] End of startup status: HIGH
refresh_hw_device [lindex [get_hw_devices xc7a35t_0] 0]
INFO: [Labtools 27-1434] Device xc7a35t (JTAG device index = 0) is programmed with a design that has no supported debug core(s) in it.
ERROR: [Labtoolstcl 44-513] HW Target shutdown. Closing target: localhost:3121/xilinx_tcf/Digilent/210183A6F886A
INFO: [Labtoolstcl 44-466] Opening hw_target localhost:3121/xilinx_tcf/Digilent/210183A6F886A
INFO: [Labtools 27-1434] Device xc7a35t (JTAG device index = 0) is programmed with a design that has no supported debug core(s) in it.
WARNING: [Labtoolstcl 44-129] No matching hw_ila_data was found.
reset_run synth_1
launch_runs impl_1 -to_step write_bitstream -jobs 8
[Fri Jan  5 12:41:13 2024] Launched synth_1...
Run output will be captured here: D:/Vivado/Final_project/Final_Project/Final_Project.runs/synth_1/runme.log
[Fri Jan  5 12:41:13 2024] Launched impl_1...
Run output will be captured here: D:/Vivado/Final_project/Final_Project/Final_Project.runs/impl_1/runme.log
set_property PROBES.FILE {} [get_hw_devices xc7a35t_0]
set_property FULL_PROBES.FILE {} [get_hw_devices xc7a35t_0]
set_property PROGRAM.FILE {D:/Vivado/Final_project/Final_Project/Final_Project.runs/impl_1/Final.bit} [get_hw_devices xc7a35t_0]
program_hw_devices [get_hw_devices xc7a35t_0]
INFO: [Labtools 27-3164] End of startup status: HIGH
refresh_hw_device [lindex [get_hw_devices xc7a35t_0] 0]
INFO: [Labtools 27-1434] Device xc7a35t (JTAG device index = 0) is programmed with a design that has no supported debug core(s) in it.
reset_run synth_1
launch_runs impl_1 -to_step write_bitstream -jobs 8
[Fri Jan  5 12:46:09 2024] Launched synth_1...
Run output will be captured here: D:/Vivado/Final_project/Final_Project/Final_Project.runs/synth_1/runme.log
[Fri Jan  5 12:46:09 2024] Launched impl_1...
Run output will be captured here: D:/Vivado/Final_project/Final_Project/Final_Project.runs/impl_1/runme.log
reset_run synth_1
WARNING: [Vivado 12-1017] Problems encountered:
1. PID not specified

launch_runs impl_1 -to_step write_bitstream -jobs 8
[Fri Jan  5 12:46:49 2024] Launched synth_1...
Run output will be captured here: D:/Vivado/Final_project/Final_Project/Final_Project.runs/synth_1/runme.log
[Fri Jan  5 12:46:49 2024] Launched impl_1...
Run output will be captured here: D:/Vivado/Final_project/Final_Project/Final_Project.runs/impl_1/runme.log
set_property PROBES.FILE {} [get_hw_devices xc7a35t_0]
set_property FULL_PROBES.FILE {} [get_hw_devices xc7a35t_0]
set_property PROGRAM.FILE {D:/Vivado/Final_project/Final_Project/Final_Project.runs/impl_1/Final.bit} [get_hw_devices xc7a35t_0]
program_hw_devices [get_hw_devices xc7a35t_0]
INFO: [Labtools 27-3164] End of startup status: HIGH
refresh_hw_device [lindex [get_hw_devices xc7a35t_0] 0]
INFO: [Labtools 27-1434] Device xc7a35t (JTAG device index = 0) is programmed with a design that has no supported debug core(s) in it.
set_property PROBES.FILE {} [get_hw_devices xc7a35t_0]
set_property FULL_PROBES.FILE {} [get_hw_devices xc7a35t_0]
set_property PROGRAM.FILE {D:/Vivado/Final_project/Final_Project/Final_Project.runs/impl_1/Final.bit} [get_hw_devices xc7a35t_0]
program_hw_devices [get_hw_devices xc7a35t_0]
INFO: [Labtools 27-3164] End of startup status: HIGH
refresh_hw_device [lindex [get_hw_devices xc7a35t_0] 0]
INFO: [Labtools 27-1434] Device xc7a35t (JTAG device index = 0) is programmed with a design that has no supported debug core(s) in it.
reset_run synth_1
launch_runs impl_1 -to_step write_bitstream -jobs 8
[Fri Jan  5 12:51:31 2024] Launched synth_1...
Run output will be captured here: D:/Vivado/Final_project/Final_Project/Final_Project.runs/synth_1/runme.log
[Fri Jan  5 12:51:31 2024] Launched impl_1...
Run output will be captured here: D:/Vivado/Final_project/Final_Project/Final_Project.runs/impl_1/runme.log
set_property PROBES.FILE {} [get_hw_devices xc7a35t_0]
set_property FULL_PROBES.FILE {} [get_hw_devices xc7a35t_0]
set_property PROGRAM.FILE {D:/Vivado/Final_project/Final_Project/Final_Project.runs/impl_1/Final.bit} [get_hw_devices xc7a35t_0]
program_hw_devices [get_hw_devices xc7a35t_0]
INFO: [Labtools 27-3164] End of startup status: HIGH
refresh_hw_device [lindex [get_hw_devices xc7a35t_0] 0]
INFO: [Labtools 27-1434] Device xc7a35t (JTAG device index = 0) is programmed with a design that has no supported debug core(s) in it.
reset_run synth_1
launch_runs impl_1 -to_step write_bitstream -jobs 8
[Fri Jan  5 12:54:12 2024] Launched synth_1...
Run output will be captured here: D:/Vivado/Final_project/Final_Project/Final_Project.runs/synth_1/runme.log
[Fri Jan  5 12:54:12 2024] Launched impl_1...
Run output will be captured here: D:/Vivado/Final_project/Final_Project/Final_Project.runs/impl_1/runme.log
ERROR: [Labtoolstcl 44-513] HW Target shutdown. Closing target: localhost:3121/xilinx_tcf/Digilent/210183A6F886A
INFO: [Labtoolstcl 44-466] Opening hw_target localhost:3121/xilinx_tcf/Digilent/210183A6F886A
INFO: [Labtools 27-1435] Device xc7a35t (JTAG device index = 0) is not programmed (DONE status = 0).
WARNING: [Labtoolstcl 44-129] No matching hw_ila_data was found.
set_property PROBES.FILE {} [get_hw_devices xc7a35t_0]
set_property FULL_PROBES.FILE {} [get_hw_devices xc7a35t_0]
set_property PROGRAM.FILE {D:/Vivado/Final_project/Final_Project/Final_Project.runs/impl_1/Final.bit} [get_hw_devices xc7a35t_0]
program_hw_devices [get_hw_devices xc7a35t_0]
INFO: [Labtools 27-3164] End of startup status: HIGH
refresh_hw_device [lindex [get_hw_devices xc7a35t_0] 0]
INFO: [Labtools 27-1434] Device xc7a35t (JTAG device index = 0) is programmed with a design that has no supported debug core(s) in it.
reset_run synth_1
launch_runs impl_1 -to_step write_bitstream -jobs 8
[Fri Jan  5 13:02:39 2024] Launched synth_1...
Run output will be captured here: D:/Vivado/Final_project/Final_Project/Final_Project.runs/synth_1/runme.log
[Fri Jan  5 13:02:39 2024] Launched impl_1...
Run output will be captured here: D:/Vivado/Final_project/Final_Project/Final_Project.runs/impl_1/runme.log
set_property PROBES.FILE {} [get_hw_devices xc7a35t_0]
set_property FULL_PROBES.FILE {} [get_hw_devices xc7a35t_0]
set_property PROGRAM.FILE {D:/Vivado/Final_project/Final_Project/Final_Project.runs/impl_1/Final.bit} [get_hw_devices xc7a35t_0]
program_hw_devices [get_hw_devices xc7a35t_0]
INFO: [Labtools 27-3164] End of startup status: HIGH
refresh_hw_device [lindex [get_hw_devices xc7a35t_0] 0]
INFO: [Labtools 27-1434] Device xc7a35t (JTAG device index = 0) is programmed with a design that has no supported debug core(s) in it.
reset_run synth_1
launch_runs impl_1 -to_step write_bitstream -jobs 8
[Fri Jan  5 13:04:58 2024] Launched synth_1...
Run output will be captured here: D:/Vivado/Final_project/Final_Project/Final_Project.runs/synth_1/runme.log
[Fri Jan  5 13:04:58 2024] Launched impl_1...
Run output will be captured here: D:/Vivado/Final_project/Final_Project/Final_Project.runs/impl_1/runme.log
set_property PROBES.FILE {} [get_hw_devices xc7a35t_0]
set_property FULL_PROBES.FILE {} [get_hw_devices xc7a35t_0]
set_property PROGRAM.FILE {D:/Vivado/Final_project/Final_Project/Final_Project.runs/impl_1/Final.bit} [get_hw_devices xc7a35t_0]
program_hw_devices [get_hw_devices xc7a35t_0]
INFO: [Labtools 27-3164] End of startup status: HIGH
refresh_hw_device [lindex [get_hw_devices xc7a35t_0] 0]
INFO: [Labtools 27-1434] Device xc7a35t (JTAG device index = 0) is programmed with a design that has no supported debug core(s) in it.
reset_run synth_1
launch_runs impl_1 -to_step write_bitstream -jobs 8
[Fri Jan  5 13:09:45 2024] Launched synth_1...
Run output will be captured here: D:/Vivado/Final_project/Final_Project/Final_Project.runs/synth_1/runme.log
[Fri Jan  5 13:09:45 2024] Launched impl_1...
Run output will be captured here: D:/Vivado/Final_project/Final_Project/Final_Project.runs/impl_1/runme.log
set_property PROBES.FILE {} [get_hw_devices xc7a35t_0]
set_property FULL_PROBES.FILE {} [get_hw_devices xc7a35t_0]
set_property PROGRAM.FILE {D:/Vivado/Final_project/Final_Project/Final_Project.runs/impl_1/Final.bit} [get_hw_devices xc7a35t_0]
program_hw_devices [get_hw_devices xc7a35t_0]
INFO: [Labtools 27-3164] End of startup status: HIGH
refresh_hw_device [lindex [get_hw_devices xc7a35t_0] 0]
INFO: [Labtools 27-1434] Device xc7a35t (JTAG device index = 0) is programmed with a design that has no supported debug core(s) in it.
set_property PROBES.FILE {} [get_hw_devices xc7a35t_0]
set_property FULL_PROBES.FILE {} [get_hw_devices xc7a35t_0]
set_property PROGRAM.FILE {D:/Vivado/Final_project/Final_Project/Final_Project.runs/impl_1/Final.bit} [get_hw_devices xc7a35t_0]
program_hw_devices [get_hw_devices xc7a35t_0]
INFO: [Labtools 27-3164] End of startup status: HIGH
refresh_hw_device [lindex [get_hw_devices xc7a35t_0] 0]
INFO: [Labtools 27-1434] Device xc7a35t (JTAG device index = 0) is programmed with a design that has no supported debug core(s) in it.
reset_run synth_1
launch_runs impl_1 -to_step write_bitstream -jobs 8
[Fri Jan  5 13:18:25 2024] Launched synth_1...
Run output will be captured here: D:/Vivado/Final_project/Final_Project/Final_Project.runs/synth_1/runme.log
[Fri Jan  5 13:18:25 2024] Launched impl_1...
Run output will be captured here: D:/Vivado/Final_project/Final_Project/Final_Project.runs/impl_1/runme.log
set_property PROBES.FILE {} [get_hw_devices xc7a35t_0]
set_property FULL_PROBES.FILE {} [get_hw_devices xc7a35t_0]
set_property PROGRAM.FILE {D:/Vivado/Final_project/Final_Project/Final_Project.runs/impl_1/Final.bit} [get_hw_devices xc7a35t_0]
program_hw_devices [get_hw_devices xc7a35t_0]
INFO: [Labtools 27-3164] End of startup status: HIGH
refresh_hw_device [lindex [get_hw_devices xc7a35t_0] 0]
INFO: [Labtools 27-1434] Device xc7a35t (JTAG device index = 0) is programmed with a design that has no supported debug core(s) in it.
reset_run synth_1
launch_runs impl_1 -to_step write_bitstream -jobs 8
[Fri Jan  5 13:59:37 2024] Launched synth_1...
Run output will be captured here: D:/Vivado/Final_project/Final_Project/Final_Project.runs/synth_1/runme.log
[Fri Jan  5 13:59:37 2024] Launched impl_1...
Run output will be captured here: D:/Vivado/Final_project/Final_Project/Final_Project.runs/impl_1/runme.log
set_property PROBES.FILE {} [get_hw_devices xc7a35t_0]
set_property FULL_PROBES.FILE {} [get_hw_devices xc7a35t_0]
set_property PROGRAM.FILE {D:/Vivado/Final_project/Final_Project/Final_Project.runs/impl_1/Final.bit} [get_hw_devices xc7a35t_0]
program_hw_devices [get_hw_devices xc7a35t_0]
INFO: [Labtools 27-3164] End of startup status: HIGH
refresh_hw_device [lindex [get_hw_devices xc7a35t_0] 0]
INFO: [Labtools 27-1434] Device xc7a35t (JTAG device index = 0) is programmed with a design that has no supported debug core(s) in it.
reset_run synth_1
launch_runs impl_1 -to_step write_bitstream -jobs 8
[Fri Jan  5 14:02:25 2024] Launched synth_1...
Run output will be captured here: D:/Vivado/Final_project/Final_Project/Final_Project.runs/synth_1/runme.log
[Fri Jan  5 14:02:25 2024] Launched impl_1...
Run output will be captured here: D:/Vivado/Final_project/Final_Project/Final_Project.runs/impl_1/runme.log
set_property PROBES.FILE {} [get_hw_devices xc7a35t_0]
set_property FULL_PROBES.FILE {} [get_hw_devices xc7a35t_0]
set_property PROGRAM.FILE {D:/Vivado/Final_project/Final_Project/Final_Project.runs/impl_1/Final.bit} [get_hw_devices xc7a35t_0]
program_hw_devices [get_hw_devices xc7a35t_0]
INFO: [Labtools 27-3164] End of startup status: HIGH
refresh_hw_device [lindex [get_hw_devices xc7a35t_0] 0]
INFO: [Labtools 27-1434] Device xc7a35t (JTAG device index = 0) is programmed with a design that has no supported debug core(s) in it.
reset_run synth_1
launch_runs impl_1 -to_step write_bitstream -jobs 8
[Fri Jan  5 14:05:54 2024] Launched synth_1...
Run output will be captured here: D:/Vivado/Final_project/Final_Project/Final_Project.runs/synth_1/runme.log
[Fri Jan  5 14:05:54 2024] Launched impl_1...
Run output will be captured here: D:/Vivado/Final_project/Final_Project/Final_Project.runs/impl_1/runme.log
set_property PROBES.FILE {} [get_hw_devices xc7a35t_0]
set_property FULL_PROBES.FILE {} [get_hw_devices xc7a35t_0]
set_property PROGRAM.FILE {D:/Vivado/Final_project/Final_Project/Final_Project.runs/impl_1/Final.bit} [get_hw_devices xc7a35t_0]
program_hw_devices [get_hw_devices xc7a35t_0]
INFO: [Labtools 27-3164] End of startup status: HIGH
refresh_hw_device [lindex [get_hw_devices xc7a35t_0] 0]
INFO: [Labtools 27-1434] Device xc7a35t (JTAG device index = 0) is programmed with a design that has no supported debug core(s) in it.
reset_run synth_1
launch_runs impl_1 -to_step write_bitstream -jobs 8
[Fri Jan  5 14:11:10 2024] Launched synth_1...
Run output will be captured here: D:/Vivado/Final_project/Final_Project/Final_Project.runs/synth_1/runme.log
[Fri Jan  5 14:11:10 2024] Launched impl_1...
Run output will be captured here: D:/Vivado/Final_project/Final_Project/Final_Project.runs/impl_1/runme.log
set_property PROBES.FILE {} [get_hw_devices xc7a35t_0]
set_property FULL_PROBES.FILE {} [get_hw_devices xc7a35t_0]
set_property PROGRAM.FILE {D:/Vivado/Final_project/Final_Project/Final_Project.runs/impl_1/Final.bit} [get_hw_devices xc7a35t_0]
program_hw_devices [get_hw_devices xc7a35t_0]
INFO: [Labtools 27-3164] End of startup status: HIGH
refresh_hw_device [lindex [get_hw_devices xc7a35t_0] 0]
INFO: [Labtools 27-1434] Device xc7a35t (JTAG device index = 0) is programmed with a design that has no supported debug core(s) in it.
reset_run synth_1
launch_runs impl_1 -to_step write_bitstream -jobs 8
[Fri Jan  5 14:13:29 2024] Launched synth_1...
Run output will be captured here: D:/Vivado/Final_project/Final_Project/Final_Project.runs/synth_1/runme.log
[Fri Jan  5 14:13:29 2024] Launched impl_1...
Run output will be captured here: D:/Vivado/Final_project/Final_Project/Final_Project.runs/impl_1/runme.log
set_property PROBES.FILE {} [get_hw_devices xc7a35t_0]
set_property FULL_PROBES.FILE {} [get_hw_devices xc7a35t_0]
set_property PROGRAM.FILE {D:/Vivado/Final_project/Final_Project/Final_Project.runs/impl_1/Final.bit} [get_hw_devices xc7a35t_0]
program_hw_devices [get_hw_devices xc7a35t_0]
INFO: [Labtools 27-3164] End of startup status: HIGH
refresh_hw_device [lindex [get_hw_devices xc7a35t_0] 0]
INFO: [Labtools 27-1434] Device xc7a35t (JTAG device index = 0) is programmed with a design that has no supported debug core(s) in it.
reset_run synth_1
launch_runs impl_1 -to_step write_bitstream -jobs 8
[Fri Jan  5 14:16:25 2024] Launched synth_1...
Run output will be captured here: D:/Vivado/Final_project/Final_Project/Final_Project.runs/synth_1/runme.log
[Fri Jan  5 14:16:25 2024] Launched impl_1...
Run output will be captured here: D:/Vivado/Final_project/Final_Project/Final_Project.runs/impl_1/runme.log
set_property PROBES.FILE {} [get_hw_devices xc7a35t_0]
set_property FULL_PROBES.FILE {} [get_hw_devices xc7a35t_0]
set_property PROGRAM.FILE {D:/Vivado/Final_project/Final_Project/Final_Project.runs/impl_1/Final.bit} [get_hw_devices xc7a35t_0]
program_hw_devices [get_hw_devices xc7a35t_0]
INFO: [Labtools 27-3164] End of startup status: HIGH
refresh_hw_device [lindex [get_hw_devices xc7a35t_0] 0]
INFO: [Labtools 27-1434] Device xc7a35t (JTAG device index = 0) is programmed with a design that has no supported debug core(s) in it.
set_property PROBES.FILE {} [get_hw_devices xc7a35t_0]
set_property FULL_PROBES.FILE {} [get_hw_devices xc7a35t_0]
set_property PROGRAM.FILE {D:/Vivado/Final_project/Final_Project/Final_Project.runs/impl_1/Final.bit} [get_hw_devices xc7a35t_0]
program_hw_devices [get_hw_devices xc7a35t_0]
INFO: [Labtools 27-3164] End of startup status: HIGH
refresh_hw_device [lindex [get_hw_devices xc7a35t_0] 0]
INFO: [Labtools 27-1434] Device xc7a35t (JTAG device index = 0) is programmed with a design that has no supported debug core(s) in it.
reset_run synth_1
launch_runs impl_1 -to_step write_bitstream -jobs 8
[Fri Jan  5 14:24:52 2024] Launched synth_1...
Run output will be captured here: D:/Vivado/Final_project/Final_Project/Final_Project.runs/synth_1/runme.log
[Fri Jan  5 14:24:52 2024] Launched impl_1...
Run output will be captured here: D:/Vivado/Final_project/Final_Project/Final_Project.runs/impl_1/runme.log
set_property PROBES.FILE {} [get_hw_devices xc7a35t_0]
set_property FULL_PROBES.FILE {} [get_hw_devices xc7a35t_0]
set_property PROGRAM.FILE {D:/Vivado/Final_project/Final_Project/Final_Project.runs/impl_1/Final.bit} [get_hw_devices xc7a35t_0]
program_hw_devices [get_hw_devices xc7a35t_0]
INFO: [Labtools 27-3164] End of startup status: HIGH
refresh_hw_device [lindex [get_hw_devices xc7a35t_0] 0]
INFO: [Labtools 27-1434] Device xc7a35t (JTAG device index = 0) is programmed with a design that has no supported debug core(s) in it.
reset_run synth_1
launch_runs impl_1 -to_step write_bitstream -jobs 8
[Fri Jan  5 14:27:18 2024] Launched synth_1...
Run output will be captured here: D:/Vivado/Final_project/Final_Project/Final_Project.runs/synth_1/runme.log
[Fri Jan  5 14:27:18 2024] Launched impl_1...
Run output will be captured here: D:/Vivado/Final_project/Final_Project/Final_Project.runs/impl_1/runme.log
set_property PROBES.FILE {} [get_hw_devices xc7a35t_0]
set_property FULL_PROBES.FILE {} [get_hw_devices xc7a35t_0]
set_property PROGRAM.FILE {D:/Vivado/Final_project/Final_Project/Final_Project.runs/impl_1/Final.bit} [get_hw_devices xc7a35t_0]
program_hw_devices [get_hw_devices xc7a35t_0]
INFO: [Labtools 27-3164] End of startup status: HIGH
refresh_hw_device [lindex [get_hw_devices xc7a35t_0] 0]
INFO: [Labtools 27-1434] Device xc7a35t (JTAG device index = 0) is programmed with a design that has no supported debug core(s) in it.
reset_run synth_1
launch_runs impl_1 -to_step write_bitstream -jobs 8
[Fri Jan  5 14:30:16 2024] Launched synth_1...
Run output will be captured here: D:/Vivado/Final_project/Final_Project/Final_Project.runs/synth_1/runme.log
[Fri Jan  5 14:30:16 2024] Launched impl_1...
Run output will be captured here: D:/Vivado/Final_project/Final_Project/Final_Project.runs/impl_1/runme.log
set_property PROBES.FILE {} [get_hw_devices xc7a35t_0]
set_property FULL_PROBES.FILE {} [get_hw_devices xc7a35t_0]
set_property PROGRAM.FILE {D:/Vivado/Final_project/Final_Project/Final_Project.runs/impl_1/Final.bit} [get_hw_devices xc7a35t_0]
program_hw_devices [get_hw_devices xc7a35t_0]
INFO: [Labtools 27-3164] End of startup status: HIGH
refresh_hw_device [lindex [get_hw_devices xc7a35t_0] 0]
INFO: [Labtools 27-1434] Device xc7a35t (JTAG device index = 0) is programmed with a design that has no supported debug core(s) in it.
reset_run synth_1
launch_runs impl_1 -to_step write_bitstream -jobs 8
[Fri Jan  5 14:33:22 2024] Launched synth_1...
Run output will be captured here: D:/Vivado/Final_project/Final_Project/Final_Project.runs/synth_1/runme.log
[Fri Jan  5 14:33:22 2024] Launched impl_1...
Run output will be captured here: D:/Vivado/Final_project/Final_Project/Final_Project.runs/impl_1/runme.log
set_property PROBES.FILE {} [get_hw_devices xc7a35t_0]
set_property FULL_PROBES.FILE {} [get_hw_devices xc7a35t_0]
set_property PROGRAM.FILE {D:/Vivado/Final_project/Final_Project/Final_Project.runs/impl_1/Final.bit} [get_hw_devices xc7a35t_0]
program_hw_devices [get_hw_devices xc7a35t_0]
INFO: [Labtools 27-3164] End of startup status: HIGH
refresh_hw_device [lindex [get_hw_devices xc7a35t_0] 0]
INFO: [Labtools 27-1434] Device xc7a35t (JTAG device index = 0) is programmed with a design that has no supported debug core(s) in it.
reset_run synth_1
launch_runs impl_1 -to_step write_bitstream -jobs 8
[Fri Jan  5 14:35:25 2024] Launched synth_1...
Run output will be captured here: D:/Vivado/Final_project/Final_Project/Final_Project.runs/synth_1/runme.log
[Fri Jan  5 14:35:25 2024] Launched impl_1...
Run output will be captured here: D:/Vivado/Final_project/Final_Project/Final_Project.runs/impl_1/runme.log
set_property PROBES.FILE {} [get_hw_devices xc7a35t_0]
set_property FULL_PROBES.FILE {} [get_hw_devices xc7a35t_0]
set_property PROGRAM.FILE {D:/Vivado/Final_project/Final_Project/Final_Project.runs/impl_1/Final.bit} [get_hw_devices xc7a35t_0]
program_hw_devices [get_hw_devices xc7a35t_0]
INFO: [Labtools 27-3164] End of startup status: HIGH
refresh_hw_device [lindex [get_hw_devices xc7a35t_0] 0]
INFO: [Labtools 27-1434] Device xc7a35t (JTAG device index = 0) is programmed with a design that has no supported debug core(s) in it.
reset_run synth_1
launch_runs impl_1 -to_step write_bitstream -jobs 8
[Fri Jan  5 14:37:42 2024] Launched synth_1...
Run output will be captured here: D:/Vivado/Final_project/Final_Project/Final_Project.runs/synth_1/runme.log
[Fri Jan  5 14:37:42 2024] Launched impl_1...
Run output will be captured here: D:/Vivado/Final_project/Final_Project/Final_Project.runs/impl_1/runme.log
set_property PROBES.FILE {} [get_hw_devices xc7a35t_0]
set_property FULL_PROBES.FILE {} [get_hw_devices xc7a35t_0]
set_property PROGRAM.FILE {D:/Vivado/Final_project/Final_Project/Final_Project.runs/impl_1/Final.bit} [get_hw_devices xc7a35t_0]
program_hw_devices [get_hw_devices xc7a35t_0]
INFO: [Labtools 27-3164] End of startup status: HIGH
refresh_hw_device [lindex [get_hw_devices xc7a35t_0] 0]
INFO: [Labtools 27-1434] Device xc7a35t (JTAG device index = 0) is programmed with a design that has no supported debug core(s) in it.
reset_run synth_1
launch_runs impl_1 -to_step write_bitstream -jobs 8
[Fri Jan  5 14:40:20 2024] Launched synth_1...
Run output will be captured here: D:/Vivado/Final_project/Final_Project/Final_Project.runs/synth_1/runme.log
[Fri Jan  5 14:40:20 2024] Launched impl_1...
Run output will be captured here: D:/Vivado/Final_project/Final_Project/Final_Project.runs/impl_1/runme.log
set_property PROBES.FILE {} [get_hw_devices xc7a35t_0]
set_property FULL_PROBES.FILE {} [get_hw_devices xc7a35t_0]
set_property PROGRAM.FILE {D:/Vivado/Final_project/Final_Project/Final_Project.runs/impl_1/Final.bit} [get_hw_devices xc7a35t_0]
program_hw_devices [get_hw_devices xc7a35t_0]
INFO: [Labtools 27-3164] End of startup status: HIGH
refresh_hw_device [lindex [get_hw_devices xc7a35t_0] 0]
INFO: [Labtools 27-1434] Device xc7a35t (JTAG device index = 0) is programmed with a design that has no supported debug core(s) in it.
reset_run synth_1
launch_runs impl_1 -to_step write_bitstream -jobs 8
[Fri Jan  5 14:42:53 2024] Launched synth_1...
Run output will be captured here: D:/Vivado/Final_project/Final_Project/Final_Project.runs/synth_1/runme.log
[Fri Jan  5 14:42:53 2024] Launched impl_1...
Run output will be captured here: D:/Vivado/Final_project/Final_Project/Final_Project.runs/impl_1/runme.log
set_property PROBES.FILE {} [get_hw_devices xc7a35t_0]
set_property FULL_PROBES.FILE {} [get_hw_devices xc7a35t_0]
set_property PROGRAM.FILE {D:/Vivado/Final_project/Final_Project/Final_Project.runs/impl_1/Final.bit} [get_hw_devices xc7a35t_0]
program_hw_devices [get_hw_devices xc7a35t_0]
INFO: [Labtools 27-3164] End of startup status: HIGH
refresh_hw_device [lindex [get_hw_devices xc7a35t_0] 0]
INFO: [Labtools 27-1434] Device xc7a35t (JTAG device index = 0) is programmed with a design that has no supported debug core(s) in it.
reset_run synth_1
launch_runs impl_1 -to_step write_bitstream -jobs 8
[Fri Jan  5 14:47:37 2024] Launched synth_1...
Run output will be captured here: D:/Vivado/Final_project/Final_Project/Final_Project.runs/synth_1/runme.log
[Fri Jan  5 14:47:37 2024] Launched impl_1...
Run output will be captured here: D:/Vivado/Final_project/Final_Project/Final_Project.runs/impl_1/runme.log
set_property PROBES.FILE {} [get_hw_devices xc7a35t_0]
set_property FULL_PROBES.FILE {} [get_hw_devices xc7a35t_0]
set_property PROGRAM.FILE {D:/Vivado/Final_project/Final_Project/Final_Project.runs/impl_1/Final.bit} [get_hw_devices xc7a35t_0]
program_hw_devices [get_hw_devices xc7a35t_0]
INFO: [Labtools 27-3164] End of startup status: HIGH
refresh_hw_device [lindex [get_hw_devices xc7a35t_0] 0]
INFO: [Labtools 27-1434] Device xc7a35t (JTAG device index = 0) is programmed with a design that has no supported debug core(s) in it.
reset_run synth_1
launch_runs impl_1 -to_step write_bitstream -jobs 8
[Fri Jan  5 14:50:46 2024] Launched synth_1...
Run output will be captured here: D:/Vivado/Final_project/Final_Project/Final_Project.runs/synth_1/runme.log
[Fri Jan  5 14:50:46 2024] Launched impl_1...
Run output will be captured here: D:/Vivado/Final_project/Final_Project/Final_Project.runs/impl_1/runme.log
set_property PROBES.FILE {} [get_hw_devices xc7a35t_0]
set_property FULL_PROBES.FILE {} [get_hw_devices xc7a35t_0]
set_property PROGRAM.FILE {D:/Vivado/Final_project/Final_Project/Final_Project.runs/impl_1/Final.bit} [get_hw_devices xc7a35t_0]
program_hw_devices [get_hw_devices xc7a35t_0]
INFO: [Labtools 27-3164] End of startup status: HIGH
refresh_hw_device [lindex [get_hw_devices xc7a35t_0] 0]
INFO: [Labtools 27-1434] Device xc7a35t (JTAG device index = 0) is programmed with a design that has no supported debug core(s) in it.
reset_run synth_1
launch_runs impl_1 -to_step write_bitstream -jobs 8
[Fri Jan  5 14:54:51 2024] Launched synth_1...
Run output will be captured here: D:/Vivado/Final_project/Final_Project/Final_Project.runs/synth_1/runme.log
[Fri Jan  5 14:54:51 2024] Launched impl_1...
Run output will be captured here: D:/Vivado/Final_project/Final_Project/Final_Project.runs/impl_1/runme.log
set_property PROBES.FILE {} [get_hw_devices xc7a35t_0]
set_property FULL_PROBES.FILE {} [get_hw_devices xc7a35t_0]
set_property PROGRAM.FILE {D:/Vivado/Final_project/Final_Project/Final_Project.runs/impl_1/Final.bit} [get_hw_devices xc7a35t_0]
program_hw_devices [get_hw_devices xc7a35t_0]
INFO: [Labtools 27-3164] End of startup status: HIGH
refresh_hw_device [lindex [get_hw_devices xc7a35t_0] 0]
INFO: [Labtools 27-1434] Device xc7a35t (JTAG device index = 0) is programmed with a design that has no supported debug core(s) in it.
reset_run synth_1
launch_runs impl_1 -to_step write_bitstream -jobs 8
[Fri Jan  5 14:58:18 2024] Launched synth_1...
Run output will be captured here: D:/Vivado/Final_project/Final_Project/Final_Project.runs/synth_1/runme.log
[Fri Jan  5 14:58:18 2024] Launched impl_1...
Run output will be captured here: D:/Vivado/Final_project/Final_Project/Final_Project.runs/impl_1/runme.log
set_property PROBES.FILE {} [get_hw_devices xc7a35t_0]
set_property FULL_PROBES.FILE {} [get_hw_devices xc7a35t_0]
set_property PROGRAM.FILE {D:/Vivado/Final_project/Final_Project/Final_Project.runs/impl_1/Final.bit} [get_hw_devices xc7a35t_0]
program_hw_devices [get_hw_devices xc7a35t_0]
INFO: [Labtools 27-3164] End of startup status: HIGH
refresh_hw_device [lindex [get_hw_devices xc7a35t_0] 0]
INFO: [Labtools 27-1434] Device xc7a35t (JTAG device index = 0) is programmed with a design that has no supported debug core(s) in it.
reset_run synth_1
launch_runs impl_1 -to_step write_bitstream -jobs 8
[Fri Jan  5 15:00:36 2024] Launched synth_1...
Run output will be captured here: D:/Vivado/Final_project/Final_Project/Final_Project.runs/synth_1/runme.log
[Fri Jan  5 15:00:36 2024] Launched impl_1...
Run output will be captured here: D:/Vivado/Final_project/Final_Project/Final_Project.runs/impl_1/runme.log
set_property PROBES.FILE {} [get_hw_devices xc7a35t_0]
set_property FULL_PROBES.FILE {} [get_hw_devices xc7a35t_0]
set_property PROGRAM.FILE {D:/Vivado/Final_project/Final_Project/Final_Project.runs/impl_1/Final.bit} [get_hw_devices xc7a35t_0]
program_hw_devices [get_hw_devices xc7a35t_0]
INFO: [Labtools 27-3164] End of startup status: HIGH
refresh_hw_device [lindex [get_hw_devices xc7a35t_0] 0]
INFO: [Labtools 27-1434] Device xc7a35t (JTAG device index = 0) is programmed with a design that has no supported debug core(s) in it.
reset_run synth_1
launch_runs impl_1 -to_step write_bitstream -jobs 8
[Fri Jan  5 15:03:06 2024] Launched synth_1...
Run output will be captured here: D:/Vivado/Final_project/Final_Project/Final_Project.runs/synth_1/runme.log
[Fri Jan  5 15:03:06 2024] Launched impl_1...
Run output will be captured here: D:/Vivado/Final_project/Final_Project/Final_Project.runs/impl_1/runme.log
set_property PROBES.FILE {} [get_hw_devices xc7a35t_0]
set_property FULL_PROBES.FILE {} [get_hw_devices xc7a35t_0]
set_property PROGRAM.FILE {D:/Vivado/Final_project/Final_Project/Final_Project.runs/impl_1/Final.bit} [get_hw_devices xc7a35t_0]
program_hw_devices [get_hw_devices xc7a35t_0]
INFO: [Labtools 27-3164] End of startup status: HIGH
refresh_hw_device [lindex [get_hw_devices xc7a35t_0] 0]
INFO: [Labtools 27-1434] Device xc7a35t (JTAG device index = 0) is programmed with a design that has no supported debug core(s) in it.
reset_run synth_1
launch_runs impl_1 -to_step write_bitstream -jobs 8
[Fri Jan  5 15:05:30 2024] Launched synth_1...
Run output will be captured here: D:/Vivado/Final_project/Final_Project/Final_Project.runs/synth_1/runme.log
[Fri Jan  5 15:05:30 2024] Launched impl_1...
Run output will be captured here: D:/Vivado/Final_project/Final_Project/Final_Project.runs/impl_1/runme.log
set_property PROBES.FILE {} [get_hw_devices xc7a35t_0]
set_property FULL_PROBES.FILE {} [get_hw_devices xc7a35t_0]
set_property PROGRAM.FILE {D:/Vivado/Final_project/Final_Project/Final_Project.runs/impl_1/Final.bit} [get_hw_devices xc7a35t_0]
program_hw_devices [get_hw_devices xc7a35t_0]
INFO: [Labtools 27-3164] End of startup status: HIGH
refresh_hw_device [lindex [get_hw_devices xc7a35t_0] 0]
INFO: [Labtools 27-1434] Device xc7a35t (JTAG device index = 0) is programmed with a design that has no supported debug core(s) in it.
reset_run synth_1
launch_runs impl_1 -to_step write_bitstream -jobs 8
[Fri Jan  5 15:08:28 2024] Launched synth_1...
Run output will be captured here: D:/Vivado/Final_project/Final_Project/Final_Project.runs/synth_1/runme.log
[Fri Jan  5 15:08:28 2024] Launched impl_1...
Run output will be captured here: D:/Vivado/Final_project/Final_Project/Final_Project.runs/impl_1/runme.log
set_property PROBES.FILE {} [get_hw_devices xc7a35t_0]
set_property FULL_PROBES.FILE {} [get_hw_devices xc7a35t_0]
set_property PROGRAM.FILE {D:/Vivado/Final_project/Final_Project/Final_Project.runs/impl_1/Final.bit} [get_hw_devices xc7a35t_0]
program_hw_devices [get_hw_devices xc7a35t_0]
INFO: [Labtools 27-3164] End of startup status: HIGH
refresh_hw_device [lindex [get_hw_devices xc7a35t_0] 0]
INFO: [Labtools 27-1434] Device xc7a35t (JTAG device index = 0) is programmed with a design that has no supported debug core(s) in it.
reset_run synth_1
launch_runs impl_1 -to_step write_bitstream -jobs 8
[Fri Jan  5 15:11:18 2024] Launched synth_1...
Run output will be captured here: D:/Vivado/Final_project/Final_Project/Final_Project.runs/synth_1/runme.log
[Fri Jan  5 15:11:18 2024] Launched impl_1...
Run output will be captured here: D:/Vivado/Final_project/Final_Project/Final_Project.runs/impl_1/runme.log
set_property PROBES.FILE {} [get_hw_devices xc7a35t_0]
set_property FULL_PROBES.FILE {} [get_hw_devices xc7a35t_0]
set_property PROGRAM.FILE {D:/Vivado/Final_project/Final_Project/Final_Project.runs/impl_1/Final.bit} [get_hw_devices xc7a35t_0]
program_hw_devices [get_hw_devices xc7a35t_0]
INFO: [Labtools 27-3164] End of startup status: HIGH
refresh_hw_device [lindex [get_hw_devices xc7a35t_0] 0]
INFO: [Labtools 27-1434] Device xc7a35t (JTAG device index = 0) is programmed with a design that has no supported debug core(s) in it.
reset_run synth_1
launch_runs impl_1 -to_step write_bitstream -jobs 8
[Fri Jan  5 15:15:30 2024] Launched synth_1...
Run output will be captured here: D:/Vivado/Final_project/Final_Project/Final_Project.runs/synth_1/runme.log
[Fri Jan  5 15:15:30 2024] Launched impl_1...
Run output will be captured here: D:/Vivado/Final_project/Final_Project/Final_Project.runs/impl_1/runme.log
set_property PROBES.FILE {} [get_hw_devices xc7a35t_0]
set_property FULL_PROBES.FILE {} [get_hw_devices xc7a35t_0]
set_property PROGRAM.FILE {D:/Vivado/Final_project/Final_Project/Final_Project.runs/impl_1/Final.bit} [get_hw_devices xc7a35t_0]
program_hw_devices [get_hw_devices xc7a35t_0]
INFO: [Labtools 27-3164] End of startup status: HIGH
refresh_hw_device [lindex [get_hw_devices xc7a35t_0] 0]
INFO: [Labtools 27-1434] Device xc7a35t (JTAG device index = 0) is programmed with a design that has no supported debug core(s) in it.
reset_run synth_1
launch_runs impl_1 -to_step write_bitstream -jobs 8
[Fri Jan  5 15:20:04 2024] Launched synth_1...
Run output will be captured here: D:/Vivado/Final_project/Final_Project/Final_Project.runs/synth_1/runme.log
[Fri Jan  5 15:20:04 2024] Launched impl_1...
Run output will be captured here: D:/Vivado/Final_project/Final_Project/Final_Project.runs/impl_1/runme.log
set_property PROBES.FILE {} [get_hw_devices xc7a35t_0]
set_property FULL_PROBES.FILE {} [get_hw_devices xc7a35t_0]
set_property PROGRAM.FILE {D:/Vivado/Final_project/Final_Project/Final_Project.runs/impl_1/Final.bit} [get_hw_devices xc7a35t_0]
program_hw_devices [get_hw_devices xc7a35t_0]
INFO: [Labtools 27-3164] End of startup status: HIGH
refresh_hw_device [lindex [get_hw_devices xc7a35t_0] 0]
INFO: [Labtools 27-1434] Device xc7a35t (JTAG device index = 0) is programmed with a design that has no supported debug core(s) in it.
reset_run synth_1
launch_runs impl_1 -to_step write_bitstream -jobs 8
[Fri Jan  5 15:25:22 2024] Launched synth_1...
Run output will be captured here: D:/Vivado/Final_project/Final_Project/Final_Project.runs/synth_1/runme.log
[Fri Jan  5 15:25:22 2024] Launched impl_1...
Run output will be captured here: D:/Vivado/Final_project/Final_Project/Final_Project.runs/impl_1/runme.log
set_property PROBES.FILE {} [get_hw_devices xc7a35t_0]
set_property FULL_PROBES.FILE {} [get_hw_devices xc7a35t_0]
set_property PROGRAM.FILE {D:/Vivado/Final_project/Final_Project/Final_Project.runs/impl_1/Final.bit} [get_hw_devices xc7a35t_0]
program_hw_devices [get_hw_devices xc7a35t_0]
INFO: [Labtools 27-3164] End of startup status: HIGH
refresh_hw_device [lindex [get_hw_devices xc7a35t_0] 0]
INFO: [Labtools 27-1434] Device xc7a35t (JTAG device index = 0) is programmed with a design that has no supported debug core(s) in it.
reset_run synth_1
launch_runs impl_1 -to_step write_bitstream -jobs 8
[Fri Jan  5 15:29:59 2024] Launched synth_1...
Run output will be captured here: D:/Vivado/Final_project/Final_Project/Final_Project.runs/synth_1/runme.log
[Fri Jan  5 15:29:59 2024] Launched impl_1...
Run output will be captured here: D:/Vivado/Final_project/Final_Project/Final_Project.runs/impl_1/runme.log
set_property PROBES.FILE {} [get_hw_devices xc7a35t_0]
set_property FULL_PROBES.FILE {} [get_hw_devices xc7a35t_0]
set_property PROGRAM.FILE {D:/Vivado/Final_project/Final_Project/Final_Project.runs/impl_1/Final.bit} [get_hw_devices xc7a35t_0]
program_hw_devices [get_hw_devices xc7a35t_0]
INFO: [Labtools 27-3164] End of startup status: HIGH
refresh_hw_device [lindex [get_hw_devices xc7a35t_0] 0]
INFO: [Labtools 27-1434] Device xc7a35t (JTAG device index = 0) is programmed with a design that has no supported debug core(s) in it.
reset_run synth_1
launch_runs impl_1 -to_step write_bitstream -jobs 8
[Fri Jan  5 15:41:44 2024] Launched synth_1...
Run output will be captured here: D:/Vivado/Final_project/Final_Project/Final_Project.runs/synth_1/runme.log
[Fri Jan  5 15:41:44 2024] Launched impl_1...
Run output will be captured here: D:/Vivado/Final_project/Final_Project/Final_Project.runs/impl_1/runme.log
set_property PROBES.FILE {} [get_hw_devices xc7a35t_0]
set_property FULL_PROBES.FILE {} [get_hw_devices xc7a35t_0]
set_property PROGRAM.FILE {D:/Vivado/Final_project/Final_Project/Final_Project.runs/impl_1/Final.bit} [get_hw_devices xc7a35t_0]
program_hw_devices [get_hw_devices xc7a35t_0]
INFO: [Labtools 27-3164] End of startup status: HIGH
refresh_hw_device [lindex [get_hw_devices xc7a35t_0] 0]
INFO: [Labtools 27-1434] Device xc7a35t (JTAG device index = 0) is programmed with a design that has no supported debug core(s) in it.
set_property PROBES.FILE {} [get_hw_devices xc7a35t_0]
set_property FULL_PROBES.FILE {} [get_hw_devices xc7a35t_0]
set_property PROGRAM.FILE {D:/Vivado/Final_project/Final_Project/Final_Project.runs/impl_1/Final.bit} [get_hw_devices xc7a35t_0]
program_hw_devices [get_hw_devices xc7a35t_0]
INFO: [Labtools 27-3164] End of startup status: HIGH
refresh_hw_device [lindex [get_hw_devices xc7a35t_0] 0]
INFO: [Labtools 27-1434] Device xc7a35t (JTAG device index = 0) is programmed with a design that has no supported debug core(s) in it.
reset_run synth_1
launch_runs impl_1 -to_step write_bitstream -jobs 8
[Fri Jan  5 15:47:08 2024] Launched synth_1...
Run output will be captured here: D:/Vivado/Final_project/Final_Project/Final_Project.runs/synth_1/runme.log
[Fri Jan  5 15:47:08 2024] Launched impl_1...
Run output will be captured here: D:/Vivado/Final_project/Final_Project/Final_Project.runs/impl_1/runme.log
set_property PROBES.FILE {} [get_hw_devices xc7a35t_0]
set_property FULL_PROBES.FILE {} [get_hw_devices xc7a35t_0]
set_property PROGRAM.FILE {D:/Vivado/Final_project/Final_Project/Final_Project.runs/impl_1/Final.bit} [get_hw_devices xc7a35t_0]
program_hw_devices [get_hw_devices xc7a35t_0]
INFO: [Labtools 27-3164] End of startup status: HIGH
refresh_hw_device [lindex [get_hw_devices xc7a35t_0] 0]
INFO: [Labtools 27-1434] Device xc7a35t (JTAG device index = 0) is programmed with a design that has no supported debug core(s) in it.
reset_run synth_1
launch_runs impl_1 -to_step write_bitstream -jobs 8
[Fri Jan  5 15:50:27 2024] Launched synth_1...
Run output will be captured here: D:/Vivado/Final_project/Final_Project/Final_Project.runs/synth_1/runme.log
[Fri Jan  5 15:50:27 2024] Launched impl_1...
Run output will be captured here: D:/Vivado/Final_project/Final_Project/Final_Project.runs/impl_1/runme.log
set_property PROBES.FILE {} [get_hw_devices xc7a35t_0]
set_property FULL_PROBES.FILE {} [get_hw_devices xc7a35t_0]
set_property PROGRAM.FILE {D:/Vivado/Final_project/Final_Project/Final_Project.runs/impl_1/Final.bit} [get_hw_devices xc7a35t_0]
program_hw_devices [get_hw_devices xc7a35t_0]
INFO: [Labtools 27-3164] End of startup status: HIGH
refresh_hw_device [lindex [get_hw_devices xc7a35t_0] 0]
INFO: [Labtools 27-1434] Device xc7a35t (JTAG device index = 0) is programmed with a design that has no supported debug core(s) in it.
reset_run synth_1
launch_runs impl_1 -to_step write_bitstream -jobs 8
[Fri Jan  5 15:55:22 2024] Launched synth_1...
Run output will be captured here: D:/Vivado/Final_project/Final_Project/Final_Project.runs/synth_1/runme.log
[Fri Jan  5 15:55:22 2024] Launched impl_1...
Run output will be captured here: D:/Vivado/Final_project/Final_Project/Final_Project.runs/impl_1/runme.log
reset_run synth_1
launch_runs impl_1 -to_step write_bitstream -jobs 8
[Fri Jan  5 15:58:40 2024] Launched synth_1...
Run output will be captured here: D:/Vivado/Final_project/Final_Project/Final_Project.runs/synth_1/runme.log
[Fri Jan  5 15:58:40 2024] Launched impl_1...
Run output will be captured here: D:/Vivado/Final_project/Final_Project/Final_Project.runs/impl_1/runme.log
reset_run synth_1
launch_runs impl_1 -to_step write_bitstream -jobs 8
[Fri Jan  5 16:01:33 2024] Launched synth_1...
Run output will be captured here: D:/Vivado/Final_project/Final_Project/Final_Project.runs/synth_1/runme.log
[Fri Jan  5 16:01:33 2024] Launched impl_1...
Run output will be captured here: D:/Vivado/Final_project/Final_Project/Final_Project.runs/impl_1/runme.log
reset_run synth_1
launch_runs impl_1 -to_step write_bitstream -jobs 8
[Fri Jan  5 16:02:40 2024] Launched synth_1...
Run output will be captured here: D:/Vivado/Final_project/Final_Project/Final_Project.runs/synth_1/runme.log
[Fri Jan  5 16:02:40 2024] Launched impl_1...
Run output will be captured here: D:/Vivado/Final_project/Final_Project/Final_Project.runs/impl_1/runme.log
update_compile_order -fileset sources_1
update_compile_order -fileset sources_1
reset_run synth_1
launch_runs impl_1 -to_step write_bitstream -jobs 8
[Fri Jan  5 16:05:19 2024] Launched synth_1...
Run output will be captured here: D:/Vivado/Final_project/Final_Project/Final_Project.runs/synth_1/runme.log
[Fri Jan  5 16:05:19 2024] Launched impl_1...
Run output will be captured here: D:/Vivado/Final_project/Final_Project/Final_Project.runs/impl_1/runme.log
set_property PROBES.FILE {} [get_hw_devices xc7a35t_0]
set_property FULL_PROBES.FILE {} [get_hw_devices xc7a35t_0]
set_property PROGRAM.FILE {D:/Vivado/Final_project/Final_Project/Final_Project.runs/impl_1/Final.bit} [get_hw_devices xc7a35t_0]
program_hw_devices [get_hw_devices xc7a35t_0]
INFO: [Labtools 27-3164] End of startup status: HIGH
refresh_hw_device [lindex [get_hw_devices xc7a35t_0] 0]
INFO: [Labtools 27-1434] Device xc7a35t (JTAG device index = 0) is programmed with a design that has no supported debug core(s) in it.
set_property PROBES.FILE {} [get_hw_devices xc7a35t_0]
set_property FULL_PROBES.FILE {} [get_hw_devices xc7a35t_0]
set_property PROGRAM.FILE {D:/Vivado/Final_project/Final_Project/Final_Project.runs/impl_1/Final.bit} [get_hw_devices xc7a35t_0]
program_hw_devices [get_hw_devices xc7a35t_0]
INFO: [Labtools 27-3164] End of startup status: HIGH
refresh_hw_device [lindex [get_hw_devices xc7a35t_0] 0]
INFO: [Labtools 27-1434] Device xc7a35t (JTAG device index = 0) is programmed with a design that has no supported debug core(s) in it.
reset_run synth_1
launch_runs impl_1 -to_step write_bitstream -jobs 8
[Fri Jan  5 16:11:09 2024] Launched synth_1...
Run output will be captured here: D:/Vivado/Final_project/Final_Project/Final_Project.runs/synth_1/runme.log
[Fri Jan  5 16:11:09 2024] Launched impl_1...
Run output will be captured here: D:/Vivado/Final_project/Final_Project/Final_Project.runs/impl_1/runme.log
set_property PROBES.FILE {} [get_hw_devices xc7a35t_0]
set_property FULL_PROBES.FILE {} [get_hw_devices xc7a35t_0]
set_property PROGRAM.FILE {D:/Vivado/Final_project/Final_Project/Final_Project.runs/impl_1/Final.bit} [get_hw_devices xc7a35t_0]
program_hw_devices [get_hw_devices xc7a35t_0]
INFO: [Labtools 27-3164] End of startup status: HIGH
refresh_hw_device [lindex [get_hw_devices xc7a35t_0] 0]
INFO: [Labtools 27-1434] Device xc7a35t (JTAG device index = 0) is programmed with a design that has no supported debug core(s) in it.
reset_run synth_1
launch_runs impl_1 -to_step write_bitstream -jobs 8
[Fri Jan  5 16:16:26 2024] Launched synth_1...
Run output will be captured here: D:/Vivado/Final_project/Final_Project/Final_Project.runs/synth_1/runme.log
[Fri Jan  5 16:16:26 2024] Launched impl_1...
Run output will be captured here: D:/Vivado/Final_project/Final_Project/Final_Project.runs/impl_1/runme.log
set_property PROBES.FILE {} [get_hw_devices xc7a35t_0]
set_property FULL_PROBES.FILE {} [get_hw_devices xc7a35t_0]
set_property PROGRAM.FILE {D:/Vivado/Final_project/Final_Project/Final_Project.runs/impl_1/Final.bit} [get_hw_devices xc7a35t_0]
program_hw_devices [get_hw_devices xc7a35t_0]
INFO: [Labtools 27-3164] End of startup status: HIGH
refresh_hw_device [lindex [get_hw_devices xc7a35t_0] 0]
INFO: [Labtools 27-1434] Device xc7a35t (JTAG device index = 0) is programmed with a design that has no supported debug core(s) in it.
set_property PROBES.FILE {} [get_hw_devices xc7a35t_0]
set_property FULL_PROBES.FILE {} [get_hw_devices xc7a35t_0]
set_property PROGRAM.FILE {D:/Vivado/Final_project/Final_Project/Final_Project.runs/impl_1/Final.bit} [get_hw_devices xc7a35t_0]
program_hw_devices [get_hw_devices xc7a35t_0]
INFO: [Labtools 27-3164] End of startup status: HIGH
refresh_hw_device [lindex [get_hw_devices xc7a35t_0] 0]
INFO: [Labtools 27-1434] Device xc7a35t (JTAG device index = 0) is programmed with a design that has no supported debug core(s) in it.
reset_run synth_1
launch_runs impl_1 -to_step write_bitstream -jobs 8
[Fri Jan  5 16:30:02 2024] Launched synth_1...
Run output will be captured here: D:/Vivado/Final_project/Final_Project/Final_Project.runs/synth_1/runme.log
[Fri Jan  5 16:30:02 2024] Launched impl_1...
Run output will be captured here: D:/Vivado/Final_project/Final_Project/Final_Project.runs/impl_1/runme.log
set_property PROBES.FILE {} [get_hw_devices xc7a35t_0]
set_property FULL_PROBES.FILE {} [get_hw_devices xc7a35t_0]
set_property PROGRAM.FILE {D:/Vivado/Final_project/Final_Project/Final_Project.runs/impl_1/Final.bit} [get_hw_devices xc7a35t_0]
program_hw_devices [get_hw_devices xc7a35t_0]
INFO: [Labtools 27-3164] End of startup status: HIGH
refresh_hw_device [lindex [get_hw_devices xc7a35t_0] 0]
INFO: [Labtools 27-1434] Device xc7a35t (JTAG device index = 0) is programmed with a design that has no supported debug core(s) in it.
reset_run synth_1
launch_runs impl_1 -to_step write_bitstream -jobs 8
[Fri Jan  5 16:39:46 2024] Launched synth_1...
Run output will be captured here: D:/Vivado/Final_project/Final_Project/Final_Project.runs/synth_1/runme.log
[Fri Jan  5 16:39:46 2024] Launched impl_1...
Run output will be captured here: D:/Vivado/Final_project/Final_Project/Final_Project.runs/impl_1/runme.log
set_property PROBES.FILE {} [get_hw_devices xc7a35t_0]
set_property FULL_PROBES.FILE {} [get_hw_devices xc7a35t_0]
set_property PROGRAM.FILE {D:/Vivado/Final_project/Final_Project/Final_Project.runs/impl_1/Final.bit} [get_hw_devices xc7a35t_0]
program_hw_devices [get_hw_devices xc7a35t_0]
INFO: [Labtools 27-3164] End of startup status: HIGH
refresh_hw_device [lindex [get_hw_devices xc7a35t_0] 0]
INFO: [Labtools 27-1434] Device xc7a35t (JTAG device index = 0) is programmed with a design that has no supported debug core(s) in it.
reset_run synth_1
launch_runs impl_1 -to_step write_bitstream -jobs 8
[Fri Jan  5 16:51:12 2024] Launched synth_1...
Run output will be captured here: D:/Vivado/Final_project/Final_Project/Final_Project.runs/synth_1/runme.log
[Fri Jan  5 16:51:12 2024] Launched impl_1...
Run output will be captured here: D:/Vivado/Final_project/Final_Project/Final_Project.runs/impl_1/runme.log
set_property PROBES.FILE {} [get_hw_devices xc7a35t_0]
set_property FULL_PROBES.FILE {} [get_hw_devices xc7a35t_0]
set_property PROGRAM.FILE {D:/Vivado/Final_project/Final_Project/Final_Project.runs/impl_1/Final.bit} [get_hw_devices xc7a35t_0]
program_hw_devices [get_hw_devices xc7a35t_0]
INFO: [Labtools 27-3164] End of startup status: HIGH
refresh_hw_device [lindex [get_hw_devices xc7a35t_0] 0]
INFO: [Labtools 27-1434] Device xc7a35t (JTAG device index = 0) is programmed with a design that has no supported debug core(s) in it.
reset_run synth_1
launch_runs impl_1 -to_step write_bitstream -jobs 8
[Fri Jan  5 16:56:07 2024] Launched synth_1...
Run output will be captured here: D:/Vivado/Final_project/Final_Project/Final_Project.runs/synth_1/runme.log
[Fri Jan  5 16:56:07 2024] Launched impl_1...
Run output will be captured here: D:/Vivado/Final_project/Final_Project/Final_Project.runs/impl_1/runme.log
reset_run synth_1
launch_runs impl_1 -to_step write_bitstream -jobs 8
[Fri Jan  5 17:04:27 2024] Launched synth_1...
Run output will be captured here: D:/Vivado/Final_project/Final_Project/Final_Project.runs/synth_1/runme.log
[Fri Jan  5 17:04:27 2024] Launched impl_1...
Run output will be captured here: D:/Vivado/Final_project/Final_Project/Final_Project.runs/impl_1/runme.log
reset_run synth_1
launch_runs impl_1 -to_step write_bitstream -jobs 8
[Fri Jan  5 17:08:22 2024] Launched synth_1...
Run output will be captured here: D:/Vivado/Final_project/Final_Project/Final_Project.runs/synth_1/runme.log
[Fri Jan  5 17:08:22 2024] Launched impl_1...
Run output will be captured here: D:/Vivado/Final_project/Final_Project/Final_Project.runs/impl_1/runme.log
reset_run synth_1
launch_runs impl_1 -to_step write_bitstream -jobs 8
[Fri Jan  5 17:10:06 2024] Launched synth_1...
Run output will be captured here: D:/Vivado/Final_project/Final_Project/Final_Project.runs/synth_1/runme.log
[Fri Jan  5 17:10:06 2024] Launched impl_1...
Run output will be captured here: D:/Vivado/Final_project/Final_Project/Final_Project.runs/impl_1/runme.log
open_run impl_1
INFO: [Device 21-403] Loading part xc7a35tcpg236-1
Netlist sorting complete. Time (s): cpu = 00:00:00 ; elapsed = 00:00:00.005 . Memory (MB): peak = 2386.945 ; gain = 0.000
INFO: [Netlist 29-17] Analyzing 60 Unisim elements for replacement
INFO: [Netlist 29-28] Unisim Transformation completed in 0 CPU seconds
INFO: [Project 1-479] Netlist was created with Vivado 2019.2
INFO: [Project 1-570] Preparing netlist for logic optimization
INFO: [Timing 38-478] Restoring timing data from binary archive.
INFO: [Timing 38-479] Binary timing data restore complete.
INFO: [Project 1-856] Restoring constraints from binary archive.
INFO: [Project 1-853] Binary constraint restore complete.
Reading XDEF placement.
Reading placer database...
Reading XDEF routing.
Read XDEF File: Time (s): cpu = 00:00:01 ; elapsed = 00:00:00.080 . Memory (MB): peak = 3062.973 ; gain = 0.000
Restored from archive | CPU: 1.000000 secs | Memory: 0.000000 MB |
Finished XDEF File Restore: Time (s): cpu = 00:00:01 ; elapsed = 00:00:00.080 . Memory (MB): peak = 3062.973 ; gain = 0.000
Netlist sorting complete. Time (s): cpu = 00:00:00 ; elapsed = 00:00:00.001 . Memory (MB): peak = 3062.973 ; gain = 0.000
INFO: [Project 1-111] Unisim Transformation Summary:
  A total of 2 instances were transformed.
  IOBUF => IOBUF (IBUF, OBUFT): 2 instances

open_run: Time (s): cpu = 00:00:20 ; elapsed = 00:00:20 . Memory (MB): peak = 3211.352 ; gain = 1090.625
set_property PROBES.FILE {} [get_hw_devices xc7a35t_0]
set_property FULL_PROBES.FILE {} [get_hw_devices xc7a35t_0]
set_property PROGRAM.FILE {D:/Vivado/Final_project/Final_Project/Final_Project.runs/impl_1/Final.bit} [get_hw_devices xc7a35t_0]
program_hw_devices [get_hw_devices xc7a35t_0]
INFO: [Labtools 27-3164] End of startup status: HIGH
refresh_hw_device [lindex [get_hw_devices xc7a35t_0] 0]
INFO: [Labtools 27-1434] Device xc7a35t (JTAG device index = 0) is programmed with a design that has no supported debug core(s) in it.
set_property PROBES.FILE {} [get_hw_devices xc7a35t_0]
set_property FULL_PROBES.FILE {} [get_hw_devices xc7a35t_0]
set_property PROGRAM.FILE {D:/Vivado/Final_project/Final_Project/Final_Project.runs/impl_1/Final.bit} [get_hw_devices xc7a35t_0]
program_hw_devices [get_hw_devices xc7a35t_0]
INFO: [Labtools 27-3164] End of startup status: HIGH
refresh_hw_device [lindex [get_hw_devices xc7a35t_0] 0]
INFO: [Labtools 27-1434] Device xc7a35t (JTAG device index = 0) is programmed with a design that has no supported debug core(s) in it.
ERROR: [Labtoolstcl 44-513] HW Target shutdown. Closing target: localhost:3121/xilinx_tcf/Digilent/210183A6F886A
INFO: [Labtoolstcl 44-466] Opening hw_target localhost:3121/xilinx_tcf/Digilent/210183A6F886A
INFO: [Labtools 27-1435] Device xc7a35t (JTAG device index = 0) is not programmed (DONE status = 0).
WARNING: [Labtoolstcl 44-129] No matching hw_ila_data was found.
reset_run synth_1
launch_runs impl_1 -to_step write_bitstream -jobs 8
[Fri Jan  5 19:18:51 2024] Launched synth_1...
Run output will be captured here: D:/Vivado/Final_project/Final_Project/Final_Project.runs/synth_1/runme.log
[Fri Jan  5 19:18:51 2024] Launched impl_1...
Run output will be captured here: D:/Vivado/Final_project/Final_Project/Final_Project.runs/impl_1/runme.log
reset_run synth_1
launch_runs impl_1 -to_step write_bitstream -jobs 8
[Fri Jan  5 19:20:23 2024] Launched synth_1...
Run output will be captured here: D:/Vivado/Final_project/Final_Project/Final_Project.runs/synth_1/runme.log
[Fri Jan  5 19:20:23 2024] Launched impl_1...
Run output will be captured here: D:/Vivado/Final_project/Final_Project/Final_Project.runs/impl_1/runme.log
reset_run synth_1
launch_runs impl_1 -to_step write_bitstream -jobs 8
[Fri Jan  5 19:22:44 2024] Launched synth_1...
Run output will be captured here: D:/Vivado/Final_project/Final_Project/Final_Project.runs/synth_1/runme.log
[Fri Jan  5 19:22:44 2024] Launched impl_1...
Run output will be captured here: D:/Vivado/Final_project/Final_Project/Final_Project.runs/impl_1/runme.log
reset_run synth_1
launch_runs impl_1 -to_step write_bitstream -jobs 8
[Fri Jan  5 19:23:46 2024] Launched synth_1...
Run output will be captured here: D:/Vivado/Final_project/Final_Project/Final_Project.runs/synth_1/runme.log
[Fri Jan  5 19:23:46 2024] Launched impl_1...
Run output will be captured here: D:/Vivado/Final_project/Final_Project/Final_Project.runs/impl_1/runme.log
set_property PROBES.FILE {} [get_hw_devices xc7a35t_0]
set_property FULL_PROBES.FILE {} [get_hw_devices xc7a35t_0]
set_property PROGRAM.FILE {D:/Vivado/Final_project/Final_Project/Final_Project.runs/impl_1/Final.bit} [get_hw_devices xc7a35t_0]
program_hw_devices [get_hw_devices xc7a35t_0]
INFO: [Labtools 27-3164] End of startup status: HIGH
refresh_hw_device [lindex [get_hw_devices xc7a35t_0] 0]
INFO: [Labtools 27-1434] Device xc7a35t (JTAG device index = 0) is programmed with a design that has no supported debug core(s) in it.
ERROR: [Labtoolstcl 44-513] HW Target shutdown. Closing target: localhost:3121/xilinx_tcf/Digilent/210183A6F886A
INFO: [Labtoolstcl 44-466] Opening hw_target localhost:3121/xilinx_tcf/Digilent/210183A6F886A
INFO: [Labtools 27-1434] Device xc7a35t (JTAG device index = 0) is programmed with a design that has no supported debug core(s) in it.
WARNING: [Labtoolstcl 44-129] No matching hw_ila_data was found.
reset_run synth_1
launch_runs impl_1 -to_step write_bitstream -jobs 8
[Fri Jan  5 19:37:09 2024] Launched synth_1...
Run output will be captured here: D:/Vivado/Final_project/Final_Project/Final_Project.runs/synth_1/runme.log
[Fri Jan  5 19:37:09 2024] Launched impl_1...
Run output will be captured here: D:/Vivado/Final_project/Final_Project/Final_Project.runs/impl_1/runme.log
set_property PROBES.FILE {} [get_hw_devices xc7a35t_0]
set_property FULL_PROBES.FILE {} [get_hw_devices xc7a35t_0]
set_property PROGRAM.FILE {D:/Vivado/Final_project/Final_Project/Final_Project.runs/impl_1/Final.bit} [get_hw_devices xc7a35t_0]
program_hw_devices [get_hw_devices xc7a35t_0]
INFO: [Labtools 27-3164] End of startup status: HIGH
refresh_hw_device [lindex [get_hw_devices xc7a35t_0] 0]
INFO: [Labtools 27-1434] Device xc7a35t (JTAG device index = 0) is programmed with a design that has no supported debug core(s) in it.
ERROR: [Labtoolstcl 44-513] HW Target shutdown. Closing target: localhost:3121/xilinx_tcf/Digilent/210183A6F886A
exit
INFO: [Common 17-206] Exiting Vivado at Fri Jan  5 21:06:39 2024...
